<?xml version="1.0" encoding="UTF-8"?>
<testsuite name="card.CardTest" tests="3" skipped="0" failures="0" errors="0" timestamp="2021-08-07T11:14:55" hostname="MOW-C02YR137LVDR" time="0.049">
  <properties/>
  <testcase name="should_have_positive_balance_when_balance_is_greater_than_0" classname="card.CardTest" time="0.048"/>
  <testcase name="should_not_have_positive_balance_when_balance_is_less_than_0" classname="card.CardTest" time="0.0"/>
  <testcase name="should_not_have_positive_balance_when_balance_is_equal_to_0" classname="card.CardTest" time="0.0"/>
  <system-out><![CDATA[]]></system-out>
  <system-err><![CDATA[]]></system-err>
</testsuite>
