<?xml version="1.0" encoding="UTF-8"?>
<testsuite name="banknotes.BanknotesPickerTest" tests="3" skipped="0" failures="0" errors="0" timestamp="2021-05-25T11:17:56" hostname="MOW-C02YR137LVDR" time="0.001">
  <properties/>
  <testcase name="should_pick_banknotes_when_all_types_of_banknotes_are_included" classname="banknotes.BanknotesPickerTest" time="0.001"/>
  <testcase name="should_pick_banknotes_when_some_of_banknote_types_repeat" classname="banknotes.BanknotesPickerTest" time="0.0"/>
  <testcase name="should_pick_banknotes_when_some_of_banknote_types_are_missing" classname="banknotes.BanknotesPickerTest" time="0.0"/>
  <system-out><![CDATA[]]></system-out>
  <system-err><![CDATA[]]></system-err>
</testsuite>
