<?xml version="1.0" encoding="UTF-8"?>
<testsuite name="simple.SimpleTest" tests="1" skipped="0" failures="0" errors="0" timestamp="2021-08-07T11:14:39" hostname="MOW-C02YR137LVDR" time="0.043">
  <properties/>
  <testcase name="дважды_два_четыре" classname="simple.SimpleTest" time="0.043"/>
  <system-out><![CDATA[]]></system-out>
  <system-err><![CDATA[]]></system-err>
</testsuite>
