<?xml version="1.0" encoding="UTF-8"?>
<testsuite name="card.CardTest" tests="3" skipped="0" failures="0" errors="0" timestamp="2021-05-25T11:17:48" hostname="MOW-C02YR137LVDR" time="0.04">
  <properties/>
  <testcase name="should_have_negative_balance_when_balance_is_less_than_0" classname="card.CardTest" time="0.039"/>
  <testcase name="should_not_have_negative_balance_when_balance_is_equal_to_0" classname="card.CardTest" time="0.0"/>
  <testcase name="should_not_have_negative_balance_when_balance_is_greater_than_0" classname="card.CardTest" time="0.0"/>
  <system-out><![CDATA[]]></system-out>
  <system-err><![CDATA[]]></system-err>
</testsuite>
