<?xml version="1.0" encoding="UTF-8"?>
<testsuite name="online_course_internals.BanknotesPickerTestTest" tests="4" skipped="0" failures="0" errors="0" timestamp="2021-05-25T11:17:59" hostname="MOW-C02YR137LVDR" time="0.11">
  <properties/>
  <testcase name="should_pass_should_return_banknotes_when_can_pick_banknotes_with_no_change_when_correct_implementation" classname="online_course_internals.BanknotesPickerTestTest" time="0.101"/>
  <testcase name="should_fail_should_return_banknotes_when_can_pick_banknotes_with_no_change_when_buggy_implementation" classname="online_course_internals.BanknotesPickerTestTest" time="0.005"/>
  <testcase name="should_pass_should_return_empty_result_when_cannot_pick_banknotes_with_no_change_when_correct_implementation" classname="online_course_internals.BanknotesPickerTestTest" time="0.001"/>
  <testcase name="should_fail_should_return_empty_result_when_cannot_pick_banknotes_with_no_change_when_buggy_implementation" classname="online_course_internals.BanknotesPickerTestTest" time="0.002"/>
  <system-out><![CDATA[]]></system-out>
  <system-err><![CDATA[]]></system-err>
</testsuite>
