<?xml version="1.0" encoding="UTF-8"?>
<testsuite name="banknotes.BanknotesPickerTest" tests="2" skipped="0" failures="0" errors="0" timestamp="2021-05-25T11:17:59" hostname="MOW-C02YR137LVDR" time="0.001">
  <properties/>
  <testcase name="should_return_banknotes_when_can_pick_banknotes_with_no_change" classname="banknotes.BanknotesPickerTest" time="0.001"/>
  <testcase name="should_return_empty_result_when_cannot_pick_banknotes_with_no_change" classname="banknotes.BanknotesPickerTest" time="0.0"/>
  <system-out><![CDATA[]]></system-out>
  <system-err><![CDATA[]]></system-err>
</testsuite>
