<?xml version="1.0" encoding="UTF-8"?>
<testsuite name="online_course_internals.CardTestTest" tests="4" skipped="0" failures="0" errors="0" timestamp="2021-05-25T11:17:52" hostname="MOW-C02YR137LVDR" time="0.07">
  <properties/>
  <testcase name="should_fail_should_have_zero_balance_when_balance_is_equal_to_0_when_buggy_implementation" classname="online_course_internals.CardTestTest" time="0.064"/>
  <testcase name="should_pass_should_have_zero_balance_when_balance_is_equal_to_0_when_correct_implementation" classname="online_course_internals.CardTestTest" time="0.001"/>
  <testcase name="should_fail_should_not_have_zero_balance_when_balance_is_not_equal_to_0_when_buggy_implementation" classname="online_course_internals.CardTestTest" time="0.004"/>
  <testcase name="should_pass_should_not_have_zero_balance_when_balance_is_not_equal_to_0_when_correct_implementation" classname="online_course_internals.CardTestTest" time="0.0"/>
  <system-out><![CDATA[]]></system-out>
  <system-err><![CDATA[]]></system-err>
</testsuite>
